 dpkg-buildpackage -rfakeroot -D -us -uc
dpkg-buildpackage: set CFLAGS to default value: -g -O2
dpkg-buildpackage: set CPPFLAGS to default value: 
dpkg-buildpackage: set LDFLAGS to default value: -Wl,-Bsymbolic-functions
dpkg-buildpackage: set FFLAGS to default value: -g -O2
dpkg-buildpackage: set CXXFLAGS to default value: -g -O2
dpkg-buildpackage: source package grub-customizer
dpkg-buildpackage: source version 1.0.1
dpkg-buildpackage: source changed by Daniel Richter <danielrichter2007@web.de>
dpkg-buildpackage: host architecture i386
 fakeroot debian/rules clean
debian/rules: line 8: fg: no job control
dh: Compatibility levels before 5 are deprecated.
   dh_testdir
   dh_auto_clean
dh_auto_clean: Compatibility levels before 5 are deprecated.
   dh_clean
dh_clean: Compatibility levels before 5 are deprecated.
 dpkg-source -b grub-customizer
dpkg-source: warning: unknown information field 'Build-Depends' in input data in package's section of control info file
dpkg-source: warning: source directory 'grub-customizer' is not <sourcepackage>-<upstreamversion> 'grub-customizer-1.0.1'
dpkg-source: info: using source format `1.0'
dpkg-source: info: building grub-customizer in grub-customizer_1.0.1.tar.gz
dpkg-source: warning: missing information for output field Standards-Version
dpkg-source: info: building grub-customizer in grub-customizer_1.0.1.dsc
 debian/rules build
debian/rules: 8: %:: not found
dh: Compatibility levels before 5 are deprecated.
   dh_testdir
   dh_auto_configure
dh_auto_configure: Compatibility levels before 5 are deprecated.
-- The C compiler identification is GNU
-- The CXX compiler identification is GNU
-- Check for working C compiler: /usr/bin/gcc
-- Check for working C compiler: /usr/bin/gcc -- works
-- Detecting C compiler ABI info
-- Detecting C compiler ABI info - done
-- Check for working CXX compiler: /usr/bin/c++
-- Check for working CXX compiler: /usr/bin/c++ -- works
-- Detecting CXX compiler ABI info
-- Detecting CXX compiler ABI info - done
-- checking for module 'gtkmm-2.4'
--   found gtkmm-2.4, version 2.20.3
-- Configuring done
-- Generating done
-- Build files have been written to: /media/daten/Dokumente/GrubCustomizer/grub-customizer/obj-i486-linux-gnu
   dh_auto_build
dh_auto_build: Compatibility levels before 5 are deprecated.
/usr/bin/cmake -H/media/daten/Dokumente/GrubCustomizer/grub-customizer -B/media/daten/Dokumente/GrubCustomizer/grub-customizer/obj-i486-linux-gnu --check-build-system CMakeFiles/Makefile.cmake 0
/usr/bin/cmake -E cmake_progress_start /media/daten/Dokumente/GrubCustomizer/grub-customizer/obj-i486-linux-gnu/CMakeFiles /media/daten/Dokumente/GrubCustomizer/grub-customizer/obj-i486-linux-gnu/CMakeFiles/progress.marks
make -f CMakeFiles/Makefile2 all
make[1]: Entering directory `/media/daten/Dokumente/GrubCustomizer/grub-customizer/obj-i486-linux-gnu'
make -f src_dir/CMakeFiles/../grub-customizer.dir/build.make src_dir/CMakeFiles/../grub-customizer.dir/depend
make[2]: Entering directory `/media/daten/Dokumente/GrubCustomizer/grub-customizer/obj-i486-linux-gnu'
cd /media/daten/Dokumente/GrubCustomizer/grub-customizer/obj-i486-linux-gnu && /usr/bin/cmake -E cmake_depends "Unix Makefiles" /media/daten/Dokumente/GrubCustomizer/grub-customizer /media/daten/Dokumente/GrubCustomizer/grub-customizer/src_dir /media/daten/Dokumente/GrubCustomizer/grub-customizer/obj-i486-linux-gnu /media/daten/Dokumente/GrubCustomizer/grub-customizer/obj-i486-linux-gnu/src_dir /media/daten/Dokumente/GrubCustomizer/grub-customizer/obj-i486-linux-gnu/src_dir/grub-customizer.dir/DependInfo.cmake --color=
Scanning dependencies of target grub-customizer
make[2]: Leaving directory `/media/daten/Dokumente/GrubCustomizer/grub-customizer/obj-i486-linux-gnu'
make -f src_dir/CMakeFiles/../grub-customizer.dir/build.make src_dir/CMakeFiles/../grub-customizer.dir/build
make[2]: Entering directory `/media/daten/Dokumente/GrubCustomizer/grub-customizer/obj-i486-linux-gnu'
/usr/bin/cmake -E cmake_progress_report /media/daten/Dokumente/GrubCustomizer/grub-customizer/obj-i486-linux-gnu/CMakeFiles 1
[ 10%] Building CXX object src_dir/CMakeFiles/../grub-customizer.dir/confparser.cpp.o
cd /media/daten/Dokumente/GrubCustomizer/grub-customizer/obj-i486-linux-gnu/src_dir && /usr/bin/c++    -g -O2  -I/usr/include/gtkmm-2.4 -I/usr/lib/gtkmm-2.4/include -I/usr/include/giomm-2.4 -I/usr/lib/giomm-2.4/include -I/usr/include/pangomm-1.4 -I/usr/lib/pangomm-1.4/include -I/usr/include/gtk-2.0 -I/usr/include/gtk-unix-print-2.0 -I/usr/include/atkmm-1.6 -I/usr/include/gdkmm-2.4 -I/usr/lib/gdkmm-2.4/include -I/usr/include/glibmm-2.4 -I/usr/lib/glibmm-2.4/include -I/usr/include/glib-2.0 -I/usr/lib/glib-2.0/include -I/usr/include/sigc++-2.0 -I/usr/lib/sigc++-2.0/include -I/usr/include/cairomm-1.0 -I/usr/lib/cairomm-1.0/include -I/usr/include/pango-1.0 -I/usr/include/cairo -I/usr/include/pixman-1 -I/usr/include/freetype2 -I/usr/include/directfb -I/usr/include/libpng12 -I/usr/lib/gtk-2.0/include -I/usr/include/atk-1.0 -I/usr/include/gio-unix-2.0   -o CMakeFiles/../grub-customizer.dir/confparser.cpp.o -c /media/daten/Dokumente/GrubCustomizer/grub-customizer/src_dir/confparser.cpp
/usr/bin/cmake -E cmake_progress_report /media/daten/Dokumente/GrubCustomizer/grub-customizer/obj-i486-linux-gnu/CMakeFiles 2
[ 20%] Building CXX object src_dir/CMakeFiles/../grub-customizer.dir/grubconfig.cpp.o
cd /media/daten/Dokumente/GrubCustomizer/grub-customizer/obj-i486-linux-gnu/src_dir && /usr/bin/c++    -g -O2  -I/usr/include/gtkmm-2.4 -I/usr/lib/gtkmm-2.4/include -I/usr/include/giomm-2.4 -I/usr/lib/giomm-2.4/include -I/usr/include/pangomm-1.4 -I/usr/lib/pangomm-1.4/include -I/usr/include/gtk-2.0 -I/usr/include/gtk-unix-print-2.0 -I/usr/include/atkmm-1.6 -I/usr/include/gdkmm-2.4 -I/usr/lib/gdkmm-2.4/include -I/usr/include/glibmm-2.4 -I/usr/lib/glibmm-2.4/include -I/usr/include/glib-2.0 -I/usr/lib/glib-2.0/include -I/usr/include/sigc++-2.0 -I/usr/lib/sigc++-2.0/include -I/usr/include/cairomm-1.0 -I/usr/lib/cairomm-1.0/include -I/usr/include/pango-1.0 -I/usr/include/cairo -I/usr/include/pixman-1 -I/usr/include/freetype2 -I/usr/include/directfb -I/usr/include/libpng12 -I/usr/lib/gtk-2.0/include -I/usr/include/atk-1.0 -I/usr/include/gio-unix-2.0   -o CMakeFiles/../grub-customizer.dir/grubconfig.cpp.o -c /media/daten/Dokumente/GrubCustomizer/grub-customizer/src_dir/grubconfig.cpp
/usr/bin/cmake -E cmake_progress_report /media/daten/Dokumente/GrubCustomizer/grub-customizer/obj-i486-linux-gnu/CMakeFiles 3
[ 30%] Building CXX object src_dir/CMakeFiles/../grub-customizer.dir/grubconf_ui_gtk.cpp.o
cd /media/daten/Dokumente/GrubCustomizer/grub-customizer/obj-i486-linux-gnu/src_dir && /usr/bin/c++    -g -O2  -I/usr/include/gtkmm-2.4 -I/usr/lib/gtkmm-2.4/include -I/usr/include/giomm-2.4 -I/usr/lib/giomm-2.4/include -I/usr/include/pangomm-1.4 -I/usr/lib/pangomm-1.4/include -I/usr/include/gtk-2.0 -I/usr/include/gtk-unix-print-2.0 -I/usr/include/atkmm-1.6 -I/usr/include/gdkmm-2.4 -I/usr/lib/gdkmm-2.4/include -I/usr/include/glibmm-2.4 -I/usr/lib/glibmm-2.4/include -I/usr/include/glib-2.0 -I/usr/lib/glib-2.0/include -I/usr/include/sigc++-2.0 -I/usr/lib/sigc++-2.0/include -I/usr/include/cairomm-1.0 -I/usr/lib/cairomm-1.0/include -I/usr/include/pango-1.0 -I/usr/include/cairo -I/usr/include/pixman-1 -I/usr/include/freetype2 -I/usr/include/directfb -I/usr/include/libpng12 -I/usr/lib/gtk-2.0/include -I/usr/include/atk-1.0 -I/usr/include/gio-unix-2.0   -o CMakeFiles/../grub-customizer.dir/grubconf_ui_gtk.cpp.o -c /media/daten/Dokumente/GrubCustomizer/grub-customizer/src_dir/grubconf_ui_gtk.cpp
/usr/bin/cmake -E cmake_progress_report /media/daten/Dokumente/GrubCustomizer/grub-customizer/obj-i486-linux-gnu/CMakeFiles 4
[ 40%] Building CXX object src_dir/CMakeFiles/../grub-customizer.dir/gtk-client.cpp.o
cd /media/daten/Dokumente/GrubCustomizer/grub-customizer/obj-i486-linux-gnu/src_dir && /usr/bin/c++    -g -O2  -I/usr/include/gtkmm-2.4 -I/usr/lib/gtkmm-2.4/include -I/usr/include/giomm-2.4 -I/usr/lib/giomm-2.4/include -I/usr/include/pangomm-1.4 -I/usr/lib/pangomm-1.4/include -I/usr/include/gtk-2.0 -I/usr/include/gtk-unix-print-2.0 -I/usr/include/atkmm-1.6 -I/usr/include/gdkmm-2.4 -I/usr/lib/gdkmm-2.4/include -I/usr/include/glibmm-2.4 -I/usr/lib/glibmm-2.4/include -I/usr/include/glib-2.0 -I/usr/lib/glib-2.0/include -I/usr/include/sigc++-2.0 -I/usr/lib/sigc++-2.0/include -I/usr/include/cairomm-1.0 -I/usr/lib/cairomm-1.0/include -I/usr/include/pango-1.0 -I/usr/include/cairo -I/usr/include/pixman-1 -I/usr/include/freetype2 -I/usr/include/directfb -I/usr/include/libpng12 -I/usr/lib/gtk-2.0/include -I/usr/include/atk-1.0 -I/usr/include/gio-unix-2.0   -o CMakeFiles/../grub-customizer.dir/gtk-client.cpp.o -c /media/daten/Dokumente/GrubCustomizer/grub-customizer/src_dir/gtk-client.cpp
/usr/bin/cmake -E cmake_progress_report /media/daten/Dokumente/GrubCustomizer/grub-customizer/obj-i486-linux-gnu/CMakeFiles 5
[ 50%] Building CXX object src_dir/CMakeFiles/../grub-customizer.dir/libproxy.cpp.o
cd /media/daten/Dokumente/GrubCustomizer/grub-customizer/obj-i486-linux-gnu/src_dir && /usr/bin/c++    -g -O2  -I/usr/include/gtkmm-2.4 -I/usr/lib/gtkmm-2.4/include -I/usr/include/giomm-2.4 -I/usr/lib/giomm-2.4/include -I/usr/include/pangomm-1.4 -I/usr/lib/pangomm-1.4/include -I/usr/include/gtk-2.0 -I/usr/include/gtk-unix-print-2.0 -I/usr/include/atkmm-1.6 -I/usr/include/gdkmm-2.4 -I/usr/lib/gdkmm-2.4/include -I/usr/include/glibmm-2.4 -I/usr/lib/glibmm-2.4/include -I/usr/include/glib-2.0 -I/usr/lib/glib-2.0/include -I/usr/include/sigc++-2.0 -I/usr/lib/sigc++-2.0/include -I/usr/include/cairomm-1.0 -I/usr/lib/cairomm-1.0/include -I/usr/include/pango-1.0 -I/usr/include/cairo -I/usr/include/pixman-1 -I/usr/include/freetype2 -I/usr/include/directfb -I/usr/include/libpng12 -I/usr/lib/gtk-2.0/include -I/usr/include/atk-1.0 -I/usr/include/gio-unix-2.0   -o CMakeFiles/../grub-customizer.dir/libproxy.cpp.o -c /media/daten/Dokumente/GrubCustomizer/grub-customizer/src_dir/libproxy.cpp
/usr/bin/cmake -E cmake_progress_report /media/daten/Dokumente/GrubCustomizer/grub-customizer/obj-i486-linux-gnu/CMakeFiles 6
[ 60%] Building CXX object src_dir/CMakeFiles/../grub-customizer.dir/libproxyscript_parser.cpp.o
cd /media/daten/Dokumente/GrubCustomizer/grub-customizer/obj-i486-linux-gnu/src_dir && /usr/bin/c++    -g -O2  -I/usr/include/gtkmm-2.4 -I/usr/lib/gtkmm-2.4/include -I/usr/include/giomm-2.4 -I/usr/lib/giomm-2.4/include -I/usr/include/pangomm-1.4 -I/usr/lib/pangomm-1.4/include -I/usr/include/gtk-2.0 -I/usr/include/gtk-unix-print-2.0 -I/usr/include/atkmm-1.6 -I/usr/include/gdkmm-2.4 -I/usr/lib/gdkmm-2.4/include -I/usr/include/glibmm-2.4 -I/usr/lib/glibmm-2.4/include -I/usr/include/glib-2.0 -I/usr/lib/glib-2.0/include -I/usr/include/sigc++-2.0 -I/usr/lib/sigc++-2.0/include -I/usr/include/cairomm-1.0 -I/usr/lib/cairomm-1.0/include -I/usr/include/pango-1.0 -I/usr/include/cairo -I/usr/include/pixman-1 -I/usr/include/freetype2 -I/usr/include/directfb -I/usr/include/libpng12 -I/usr/lib/gtk-2.0/include -I/usr/include/atk-1.0 -I/usr/include/gio-unix-2.0   -o CMakeFiles/../grub-customizer.dir/libproxyscript_parser.cpp.o -c /media/daten/Dokumente/GrubCustomizer/grub-customizer/src_dir/libproxyscript_parser.cpp
Linking CXX executable ../grub-customizer
cd /media/daten/Dokumente/GrubCustomizer/grub-customizer/obj-i486-linux-gnu/src_dir && /usr/bin/cmake -E cmake_link_script CMakeFiles/../grub-customizer.dir/link.txt --verbose=1
/usr/bin/c++   -g -O2   -Wl,-Bsymbolic-functions CMakeFiles/../grub-customizer.dir/confparser.cpp.o CMakeFiles/../grub-customizer.dir/grubconfig.cpp.o CMakeFiles/../grub-customizer.dir/grubconf_ui_gtk.cpp.o CMakeFiles/../grub-customizer.dir/gtk-client.cpp.o CMakeFiles/../grub-customizer.dir/libproxy.cpp.o CMakeFiles/../grub-customizer.dir/libproxyscript_parser.cpp.o  -o ../grub-customizer -rdynamic -lgtkmm-2.4 -latkmm-1.6 -lgdkmm-2.4 -lgiomm-2.4 -lpangomm-1.4 -lgtk-x11-2.0 -lglibmm-2.4 -lcairomm-1.0 -lsigc-2.0 -lgdk-x11-2.0 -latk-1.0 -lgio-2.0 -lpangoft2-1.0 -lgdk_pixbuf-2.0 -lm -lpangocairo-1.0 -lcairo -lpango-1.0 -lfreetype -lfontconfig -lgobject-2.0 -lgmodule-2.0 -lgthread-2.0 -lrt -lglib-2.0 
make[2]: Leaving directory `/media/daten/Dokumente/GrubCustomizer/grub-customizer/obj-i486-linux-gnu'
/usr/bin/cmake -E cmake_progress_report /media/daten/Dokumente/GrubCustomizer/grub-customizer/obj-i486-linux-gnu/CMakeFiles  1 2 3 4 5 6
[ 60%] Built target ../grub-customizer
make -f src_dir/CMakeFiles/../grubcfg-proxy.dir/build.make src_dir/CMakeFiles/../grubcfg-proxy.dir/depend
make[2]: Entering directory `/media/daten/Dokumente/GrubCustomizer/grub-customizer/obj-i486-linux-gnu'
cd /media/daten/Dokumente/GrubCustomizer/grub-customizer/obj-i486-linux-gnu && /usr/bin/cmake -E cmake_depends "Unix Makefiles" /media/daten/Dokumente/GrubCustomizer/grub-customizer /media/daten/Dokumente/GrubCustomizer/grub-customizer/src_dir /media/daten/Dokumente/GrubCustomizer/grub-customizer/obj-i486-linux-gnu /media/daten/Dokumente/GrubCustomizer/grub-customizer/obj-i486-linux-gnu/src_dir /media/daten/Dokumente/GrubCustomizer/grub-customizer/obj-i486-linux-gnu/src_dir/grubcfg-proxy.dir/DependInfo.cmake --color=
Scanning dependencies of target grubcfg-proxy
make[2]: Leaving directory `/media/daten/Dokumente/GrubCustomizer/grub-customizer/obj-i486-linux-gnu'
make -f src_dir/CMakeFiles/../grubcfg-proxy.dir/build.make src_dir/CMakeFiles/../grubcfg-proxy.dir/build
make[2]: Entering directory `/media/daten/Dokumente/GrubCustomizer/grub-customizer/obj-i486-linux-gnu'
/usr/bin/cmake -E cmake_progress_report /media/daten/Dokumente/GrubCustomizer/grub-customizer/obj-i486-linux-gnu/CMakeFiles 7
[ 70%] Building CXX object src_dir/CMakeFiles/../grubcfg-proxy.dir/confparser.cpp.o
cd /media/daten/Dokumente/GrubCustomizer/grub-customizer/obj-i486-linux-gnu/src_dir && /usr/bin/c++    -g -O2  -I/usr/include/gtkmm-2.4 -I/usr/lib/gtkmm-2.4/include -I/usr/include/giomm-2.4 -I/usr/lib/giomm-2.4/include -I/usr/include/pangomm-1.4 -I/usr/lib/pangomm-1.4/include -I/usr/include/gtk-2.0 -I/usr/include/gtk-unix-print-2.0 -I/usr/include/atkmm-1.6 -I/usr/include/gdkmm-2.4 -I/usr/lib/gdkmm-2.4/include -I/usr/include/glibmm-2.4 -I/usr/lib/glibmm-2.4/include -I/usr/include/glib-2.0 -I/usr/lib/glib-2.0/include -I/usr/include/sigc++-2.0 -I/usr/lib/sigc++-2.0/include -I/usr/include/cairomm-1.0 -I/usr/lib/cairomm-1.0/include -I/usr/include/pango-1.0 -I/usr/include/cairo -I/usr/include/pixman-1 -I/usr/include/freetype2 -I/usr/include/directfb -I/usr/include/libpng12 -I/usr/lib/gtk-2.0/include -I/usr/include/atk-1.0 -I/usr/include/gio-unix-2.0   -o CMakeFiles/../grubcfg-proxy.dir/confparser.cpp.o -c /media/daten/Dokumente/GrubCustomizer/grub-customizer/src_dir/confparser.cpp
/usr/bin/cmake -E cmake_progress_report /media/daten/Dokumente/GrubCustomizer/grub-customizer/obj-i486-linux-gnu/CMakeFiles 8
[ 80%] Building CXX object src_dir/CMakeFiles/../grubcfg-proxy.dir/libproxy.cpp.o
cd /media/daten/Dokumente/GrubCustomizer/grub-customizer/obj-i486-linux-gnu/src_dir && /usr/bin/c++    -g -O2  -I/usr/include/gtkmm-2.4 -I/usr/lib/gtkmm-2.4/include -I/usr/include/giomm-2.4 -I/usr/lib/giomm-2.4/include -I/usr/include/pangomm-1.4 -I/usr/lib/pangomm-1.4/include -I/usr/include/gtk-2.0 -I/usr/include/gtk-unix-print-2.0 -I/usr/include/atkmm-1.6 -I/usr/include/gdkmm-2.4 -I/usr/lib/gdkmm-2.4/include -I/usr/include/glibmm-2.4 -I/usr/lib/glibmm-2.4/include -I/usr/include/glib-2.0 -I/usr/lib/glib-2.0/include -I/usr/include/sigc++-2.0 -I/usr/lib/sigc++-2.0/include -I/usr/include/cairomm-1.0 -I/usr/lib/cairomm-1.0/include -I/usr/include/pango-1.0 -I/usr/include/cairo -I/usr/include/pixman-1 -I/usr/include/freetype2 -I/usr/include/directfb -I/usr/include/libpng12 -I/usr/lib/gtk-2.0/include -I/usr/include/atk-1.0 -I/usr/include/gio-unix-2.0   -o CMakeFiles/../grubcfg-proxy.dir/libproxy.cpp.o -c /media/daten/Dokumente/GrubCustomizer/grub-customizer/src_dir/libproxy.cpp
/usr/bin/cmake -E cmake_progress_report /media/daten/Dokumente/GrubCustomizer/grub-customizer/obj-i486-linux-gnu/CMakeFiles 9
[ 90%] Building CXX object src_dir/CMakeFiles/../grubcfg-proxy.dir/libproxyscript_parser.cpp.o
cd /media/daten/Dokumente/GrubCustomizer/grub-customizer/obj-i486-linux-gnu/src_dir && /usr/bin/c++    -g -O2  -I/usr/include/gtkmm-2.4 -I/usr/lib/gtkmm-2.4/include -I/usr/include/giomm-2.4 -I/usr/lib/giomm-2.4/include -I/usr/include/pangomm-1.4 -I/usr/lib/pangomm-1.4/include -I/usr/include/gtk-2.0 -I/usr/include/gtk-unix-print-2.0 -I/usr/include/atkmm-1.6 -I/usr/include/gdkmm-2.4 -I/usr/lib/gdkmm-2.4/include -I/usr/include/glibmm-2.4 -I/usr/lib/glibmm-2.4/include -I/usr/include/glib-2.0 -I/usr/lib/glib-2.0/include -I/usr/include/sigc++-2.0 -I/usr/lib/sigc++-2.0/include -I/usr/include/cairomm-1.0 -I/usr/lib/cairomm-1.0/include -I/usr/include/pango-1.0 -I/usr/include/cairo -I/usr/include/pixman-1 -I/usr/include/freetype2 -I/usr/include/directfb -I/usr/include/libpng12 -I/usr/lib/gtk-2.0/include -I/usr/include/atk-1.0 -I/usr/include/gio-unix-2.0   -o CMakeFiles/../grubcfg-proxy.dir/libproxyscript_parser.cpp.o -c /media/daten/Dokumente/GrubCustomizer/grub-customizer/src_dir/libproxyscript_parser.cpp
/usr/bin/cmake -E cmake_progress_report /media/daten/Dokumente/GrubCustomizer/grub-customizer/obj-i486-linux-gnu/CMakeFiles 10
[100%] Building CXX object src_dir/CMakeFiles/../grubcfg-proxy.dir/grubcfg_proxy.cpp.o
cd /media/daten/Dokumente/GrubCustomizer/grub-customizer/obj-i486-linux-gnu/src_dir && /usr/bin/c++    -g -O2  -I/usr/include/gtkmm-2.4 -I/usr/lib/gtkmm-2.4/include -I/usr/include/giomm-2.4 -I/usr/lib/giomm-2.4/include -I/usr/include/pangomm-1.4 -I/usr/lib/pangomm-1.4/include -I/usr/include/gtk-2.0 -I/usr/include/gtk-unix-print-2.0 -I/usr/include/atkmm-1.6 -I/usr/include/gdkmm-2.4 -I/usr/lib/gdkmm-2.4/include -I/usr/include/glibmm-2.4 -I/usr/lib/glibmm-2.4/include -I/usr/include/glib-2.0 -I/usr/lib/glib-2.0/include -I/usr/include/sigc++-2.0 -I/usr/lib/sigc++-2.0/include -I/usr/include/cairomm-1.0 -I/usr/lib/cairomm-1.0/include -I/usr/include/pango-1.0 -I/usr/include/cairo -I/usr/include/pixman-1 -I/usr/include/freetype2 -I/usr/include/directfb -I/usr/include/libpng12 -I/usr/lib/gtk-2.0/include -I/usr/include/atk-1.0 -I/usr/include/gio-unix-2.0   -o CMakeFiles/../grubcfg-proxy.dir/grubcfg_proxy.cpp.o -c /media/daten/Dokumente/GrubCustomizer/grub-customizer/src_dir/grubcfg_proxy.cpp
Linking CXX executable ../grubcfg-proxy
cd /media/daten/Dokumente/GrubCustomizer/grub-customizer/obj-i486-linux-gnu/src_dir && /usr/bin/cmake -E cmake_link_script CMakeFiles/../grubcfg-proxy.dir/link.txt --verbose=1
/usr/bin/c++   -g -O2   -Wl,-Bsymbolic-functions CMakeFiles/../grubcfg-proxy.dir/confparser.cpp.o CMakeFiles/../grubcfg-proxy.dir/libproxy.cpp.o CMakeFiles/../grubcfg-proxy.dir/libproxyscript_parser.cpp.o CMakeFiles/../grubcfg-proxy.dir/grubcfg_proxy.cpp.o  -o ../grubcfg-proxy -rdynamic 
make[2]: Leaving directory `/media/daten/Dokumente/GrubCustomizer/grub-customizer/obj-i486-linux-gnu'
/usr/bin/cmake -E cmake_progress_report /media/daten/Dokumente/GrubCustomizer/grub-customizer/obj-i486-linux-gnu/CMakeFiles  7 8 9 10
[100%] Built target ../grubcfg-proxy
make[1]: Leaving directory `/media/daten/Dokumente/GrubCustomizer/grub-customizer/obj-i486-linux-gnu'
/usr/bin/cmake -E cmake_progress_start /media/daten/Dokumente/GrubCustomizer/grub-customizer/obj-i486-linux-gnu/CMakeFiles 0
   dh_auto_test
dh_auto_test: Compatibility levels before 5 are deprecated.
 fakeroot debian/rules binary
debian/rules: line 8: fg: no job control
dh: Compatibility levels before 5 are deprecated.
   dh_testroot
   dh_prep
dh_prep: Compatibility levels before 5 are deprecated.
   dh_installdirs
dh_installdirs: Compatibility levels before 5 are deprecated.
   dh_auto_install
dh_auto_install: Compatibility levels before 5 are deprecated.
/usr/bin/cmake -H/media/daten/Dokumente/GrubCustomizer/grub-customizer -B/media/daten/Dokumente/GrubCustomizer/grub-customizer/obj-i486-linux-gnu --check-build-system CMakeFiles/Makefile.cmake 0
/usr/bin/cmake -E cmake_progress_start /media/daten/Dokumente/GrubCustomizer/grub-customizer/obj-i486-linux-gnu/CMakeFiles /media/daten/Dokumente/GrubCustomizer/grub-customizer/obj-i486-linux-gnu/CMakeFiles/progress.marks
make -f CMakeFiles/Makefile2 all
make[1]: Entering directory `/media/daten/Dokumente/GrubCustomizer/grub-customizer/obj-i486-linux-gnu'
make -f src_dir/CMakeFiles/../grub-customizer.dir/build.make src_dir/CMakeFiles/../grub-customizer.dir/depend
make[2]: Entering directory `/media/daten/Dokumente/GrubCustomizer/grub-customizer/obj-i486-linux-gnu'
cd /media/daten/Dokumente/GrubCustomizer/grub-customizer/obj-i486-linux-gnu && /usr/bin/cmake -E cmake_depends "Unix Makefiles" /media/daten/Dokumente/GrubCustomizer/grub-customizer /media/daten/Dokumente/GrubCustomizer/grub-customizer/src_dir /media/daten/Dokumente/GrubCustomizer/grub-customizer/obj-i486-linux-gnu /media/daten/Dokumente/GrubCustomizer/grub-customizer/obj-i486-linux-gnu/src_dir /media/daten/Dokumente/GrubCustomizer/grub-customizer/obj-i486-linux-gnu/src_dir/grub-customizer.dir/DependInfo.cmake --color=
make[2]: Leaving directory `/media/daten/Dokumente/GrubCustomizer/grub-customizer/obj-i486-linux-gnu'
make -f src_dir/CMakeFiles/../grub-customizer.dir/build.make src_dir/CMakeFiles/../grub-customizer.dir/build
make[2]: Entering directory `/media/daten/Dokumente/GrubCustomizer/grub-customizer/obj-i486-linux-gnu'
make[2]: Nothing to be done for `src_dir/CMakeFiles/../grub-customizer.dir/build'.
make[2]: Leaving directory `/media/daten/Dokumente/GrubCustomizer/grub-customizer/obj-i486-linux-gnu'
/usr/bin/cmake -E cmake_progress_report /media/daten/Dokumente/GrubCustomizer/grub-customizer/obj-i486-linux-gnu/CMakeFiles  1 2 3 4 5 6
[ 60%] Built target ../grub-customizer
make -f src_dir/CMakeFiles/../grubcfg-proxy.dir/build.make src_dir/CMakeFiles/../grubcfg-proxy.dir/depend
make[2]: Entering directory `/media/daten/Dokumente/GrubCustomizer/grub-customizer/obj-i486-linux-gnu'
cd /media/daten/Dokumente/GrubCustomizer/grub-customizer/obj-i486-linux-gnu && /usr/bin/cmake -E cmake_depends "Unix Makefiles" /media/daten/Dokumente/GrubCustomizer/grub-customizer /media/daten/Dokumente/GrubCustomizer/grub-customizer/src_dir /media/daten/Dokumente/GrubCustomizer/grub-customizer/obj-i486-linux-gnu /media/daten/Dokumente/GrubCustomizer/grub-customizer/obj-i486-linux-gnu/src_dir /media/daten/Dokumente/GrubCustomizer/grub-customizer/obj-i486-linux-gnu/src_dir/grubcfg-proxy.dir/DependInfo.cmake --color=
make[2]: Leaving directory `/media/daten/Dokumente/GrubCustomizer/grub-customizer/obj-i486-linux-gnu'
make -f src_dir/CMakeFiles/../grubcfg-proxy.dir/build.make src_dir/CMakeFiles/../grubcfg-proxy.dir/build
make[2]: Entering directory `/media/daten/Dokumente/GrubCustomizer/grub-customizer/obj-i486-linux-gnu'
make[2]: Nothing to be done for `src_dir/CMakeFiles/../grubcfg-proxy.dir/build'.
make[2]: Leaving directory `/media/daten/Dokumente/GrubCustomizer/grub-customizer/obj-i486-linux-gnu'
/usr/bin/cmake -E cmake_progress_report /media/daten/Dokumente/GrubCustomizer/grub-customizer/obj-i486-linux-gnu/CMakeFiles  7 8 9 10
[100%] Built target ../grubcfg-proxy
make[1]: Leaving directory `/media/daten/Dokumente/GrubCustomizer/grub-customizer/obj-i486-linux-gnu'
/usr/bin/cmake -E cmake_progress_start /media/daten/Dokumente/GrubCustomizer/grub-customizer/obj-i486-linux-gnu/CMakeFiles 0
make -f CMakeFiles/Makefile2 preinstall
make[1]: Entering directory `/media/daten/Dokumente/GrubCustomizer/grub-customizer/obj-i486-linux-gnu'
make[1]: Nothing to be done for `preinstall'.
make[1]: Leaving directory `/media/daten/Dokumente/GrubCustomizer/grub-customizer/obj-i486-linux-gnu'
Install the project...
/usr/bin/cmake -P cmake_install.cmake
-- Install configuration: ""
-- Installing: /media/daten/Dokumente/GrubCustomizer/grub-customizer/debian/tmp/usr/share/locale/de/LC_MESSAGES/grub-customizer.mo
-- Installing: /media/daten/Dokumente/GrubCustomizer/grub-customizer/debian/tmp/usr/lib/grub-customizer/grubcfg-proxy
-- Installing: /media/daten/Dokumente/GrubCustomizer/grub-customizer/debian/tmp/usr/bin/grub-customizer
   dh_install
dh_install: Compatibility levels before 5 are deprecated.
   dh_installdocs
dh_installdocs: Compatibility levels before 5 are deprecated.
   dh_installchangelogs
dh_installchangelogs: Compatibility levels before 5 are deprecated.
   dh_installexamples
dh_installexamples: Compatibility levels before 5 are deprecated.
   dh_installman
dh_installman: Compatibility levels before 5 are deprecated.
   dh_installcatalogs
dh_installcatalogs: Compatibility levels before 5 are deprecated.
   dh_installcron
dh_installcron: Compatibility levels before 5 are deprecated.
   dh_installdebconf
dh_installdebconf: Compatibility levels before 5 are deprecated.
   dh_installemacsen
dh_installemacsen: Compatibility levels before 5 are deprecated.
   dh_installifupdown
dh_installifupdown: Compatibility levels before 5 are deprecated.
   dh_installinfo
dh_installinfo: Compatibility levels before 5 are deprecated.
   dh_pysupport
dh_pysupport: Compatibility levels before 5 are deprecated.
   dh_installinit
dh_installinit: Compatibility levels before 5 are deprecated.
   dh_installmenu
dh_installmenu: Compatibility levels before 5 are deprecated.
   dh_installmime
dh_installmime: Compatibility levels before 5 are deprecated.
   dh_installmodules
dh_installmodules: Compatibility levels before 5 are deprecated.
   dh_installlogcheck
dh_installlogcheck: Compatibility levels before 5 are deprecated.
   dh_installlogrotate
dh_installlogrotate: Compatibility levels before 5 are deprecated.
   dh_installpam
dh_installpam: Compatibility levels before 5 are deprecated.
   dh_installppp
dh_installppp: Compatibility levels before 5 are deprecated.
   dh_installudev
dh_installudev: Compatibility levels before 5 are deprecated.
   dh_installwm
dh_installwm: Compatibility levels before 5 are deprecated.
   dh_installxfonts
dh_installxfonts: Compatibility levels before 5 are deprecated.
   dh_bugfiles
dh_bugfiles: Compatibility levels before 5 are deprecated.
   dh_lintian
dh_lintian: Compatibility levels before 5 are deprecated.
   dh_gconf
dh_gconf: Compatibility levels before 5 are deprecated.
   dh_icons
dh_icons: Compatibility levels before 5 are deprecated.
   dh_perl
dh_perl: Compatibility levels before 5 are deprecated.
   dh_usrlocal
dh_usrlocal: Compatibility levels before 5 are deprecated.
   dh_link
dh_link: Compatibility levels before 5 are deprecated.
   dh_compress
dh_compress: Compatibility levels before 5 are deprecated.
   dh_fixperms
dh_fixperms: Compatibility levels before 5 are deprecated.
   dh_strip
dh_strip: Compatibility levels before 5 are deprecated.
   dh_makeshlibs
dh_makeshlibs: Compatibility levels before 5 are deprecated.
   dh_shlibdeps
dh_shlibdeps: Compatibility levels before 5 are deprecated.
dpkg-shlibdeps: warning: dependency on libcairomm-1.0.so.1 could be avoided if "debian/tmp/usr/bin/grub-customizer" were not uselessly linked against it (they use none of its symbols).
dpkg-shlibdeps: warning: dependency on libgdkmm-2.4.so.1 could be avoided if "debian/tmp/usr/bin/grub-customizer" were not uselessly linked against it (they use none of its symbols).
dpkg-shlibdeps: warning: dependency on libfontconfig.so.1 could be avoided if "debian/tmp/usr/bin/grub-customizer" were not uselessly linked against it (they use none of its symbols).
dpkg-shlibdeps: warning: dependency on libatk-1.0.so.0 could be avoided if "debian/tmp/usr/bin/grub-customizer" were not uselessly linked against it (they use none of its symbols).
dpkg-shlibdeps: warning: dependency on librt.so.1 could be avoided if "debian/tmp/usr/bin/grub-customizer" were not uselessly linked against it (they use none of its symbols).
dpkg-shlibdeps: warning: dependency on libpangomm-1.4.so.1 could be avoided if "debian/tmp/usr/bin/grub-customizer" were not uselessly linked against it (they use none of its symbols).
dpkg-shlibdeps: warning: dependency on libgio-2.0.so.0 could be avoided if "debian/tmp/usr/bin/grub-customizer" were not uselessly linked against it (they use none of its symbols).
dpkg-shlibdeps: warning: dependency on libgobject-2.0.so.0 could be avoided if "debian/tmp/usr/bin/grub-customizer" were not uselessly linked against it (they use none of its symbols).
dpkg-shlibdeps: warning: dependency on libgdk_pixbuf-2.0.so.0 could be avoided if "debian/tmp/usr/bin/grub-customizer" were not uselessly linked against it (they use none of its symbols).
dpkg-shlibdeps: warning: dependency on libgmodule-2.0.so.0 could be avoided if "debian/tmp/usr/bin/grub-customizer" were not uselessly linked against it (they use none of its symbols).
dpkg-shlibdeps: warning: dependency on libcairo.so.2 could be avoided if "debian/tmp/usr/bin/grub-customizer" were not uselessly linked against it (they use none of its symbols).
dpkg-shlibdeps: warning: dependency on libpango-1.0.so.0 could be avoided if "debian/tmp/usr/bin/grub-customizer" were not uselessly linked against it (they use none of its symbols).
dpkg-shlibdeps: warning: dependency on libgiomm-2.4.so.1 could be avoided if "debian/tmp/usr/bin/grub-customizer" were not uselessly linked against it (they use none of its symbols).
dpkg-shlibdeps: warning: dependency on libgtk-x11-2.0.so.0 could be avoided if "debian/tmp/usr/bin/grub-customizer" were not uselessly linked against it (they use none of its symbols).
dpkg-shlibdeps: warning: dependency on libpangocairo-1.0.so.0 could be avoided if "debian/tmp/usr/bin/grub-customizer" were not uselessly linked against it (they use none of its symbols).
dpkg-shlibdeps: warning: dependency on libfreetype.so.6 could be avoided if "debian/tmp/usr/bin/grub-customizer" were not uselessly linked against it (they use none of its symbols).
dpkg-shlibdeps: warning: dependency on libgdk-x11-2.0.so.0 could be avoided if "debian/tmp/usr/bin/grub-customizer" were not uselessly linked against it (they use none of its symbols).
dpkg-shlibdeps: warning: dependency on libpangoft2-1.0.so.0 could be avoided if "debian/tmp/usr/bin/grub-customizer" were not uselessly linked against it (they use none of its symbols).
   dh_installdeb
dh_installdeb: Compatibility levels before 5 are deprecated.
   dh_gencontrol
dh_gencontrol: Compatibility levels before 5 are deprecated.
   dh_md5sums
dh_md5sums: Compatibility levels before 5 are deprecated.
   dh_builddeb
dh_builddeb: Compatibility levels before 5 are deprecated.
dpkg-deb: warning: 'debian/tmp/DEBIAN/control' contains user-defined field 'Original-Maintainer'
dpkg-deb: warning: ignoring 1 warnings about the control file(s)

dpkg-deb: building package `grub-customizer' in `../grub-customizer_1.0.1_i386.deb'.
 dpkg-genchanges  >../grub-customizer_1.0.1_i386.changes
dpkg-genchanges: warning: unknown information field 'Build-Depends' in input data in package's section of control info file
dpkg-genchanges: including full source code in upload
dpkg-buildpackage: full upload; Debian-native package (full source is included)
Now running lintian...
E: grub-customizer source: build-info-in-binary-control-file-section Package grub-customizer
W: grub-customizer source: diff-contains-bzr-control-dir .bzr
W: grub-customizer source: debhelper-but-no-misc-depends grub-customizer
W: grub-customizer source: package-uses-deprecated-debhelper-compat-version 1
E: grub-customizer source: package-uses-debhelper-but-lacks-build-depends
W: grub-customizer source: package-lacks-versioned-build-depends-on-debhelper 1
W: grub-customizer source: missing-debian-source-format
W: grub-customizer source: unknown-field-in-dsc original-maintainer
E: grub-customizer source: debian-rules-not-a-makefile
E: grub-customizer source: no-standards-version-field
W: grub-customizer: unknown-section system
W: grub-customizer: binary-without-manpage usr/bin/grub-customizer
Finished running lintian.
Now signing changes and any dsc files...
 signfile grub-customizer_1.0.1.dsc Daniel Richter <danielrichter2007@web.de>
gpg: gpg-agent is not available in this session

 signfile grub-customizer_1.0.1_i386.changes Daniel Richter <danielrichter2007@web.de>
gpg: gpg-agent is not available in this session

Successfully signed dsc and changes files
